2025-09-21T03:57:36 | touched: LICENSE
2025-03-14T15:41:35 | touched: package.json
2025-02-08T16:42:23 | touched: scripts/cli.js
2025-10-10T03:08:08 | touched: scripts/deploy.js
2025-02-16T10:49:50 | touched: package.json
2025-09-22T23:06:10 | touched: scripts/api-server.js
2025-03-12T00:32:39 | touched: package.json
2025-03-03T00:26:25 | touched: contracts/Uniswappool.sol
2025-04-27T08:05:42 | touched: scripts/deploy.js
2025-12-10T13:15:49 | touched: hardhat.config.js
2025-09-03T02:14:12 | touched: hardhat.config.js
2025-09-04T23:25:54 | touched: scripts/api-server.js
2025-10-27T07:13:07 | touched: README.md
2025-08-15T04:36:13 | touched: .env.example
2025-05-30T05:02:48 | touched: scripts/api-server.js
2025-06-19T11:27:13 | touched: contracts/Uniswappool.sol
2025-10-22T12:55:16 | touched: scripts/deploy.js
2025-08-03T12:42:43 | touched: test/Uniswappool.test.js
2025-06-25T20:26:59 | touched: scripts/cli.js
2025-03-14T03:54:43 | touched: scripts/api-server.js
2025-10-01T00:55:08 | touched: contracts/Uniswappool.sol
2025-02-02T18:11:31 | touched: scripts/interact.js
2025-03-31T01:18:32 | touched: package.json
2025-06-30T20:24:40 | touched: scripts/api-server.js
2025-07-02T04:21:24 | touched: LICENSE
2025-02-02T07:31:08 | touched: test/Uniswappool.test.js
2025-06-05T08:44:49 | touched: scripts/frontend-integration.js
2025-09-11T14:07:38 | touched: hardhat.config.js
2025-10-07T04:48:04 | touched: .env.example
2025-08-17T15:12:44 | touched: .env.example
2025-01-03T19:32:29 | touched: scripts/frontend-integration.js
2025-08-10T16:40:31 | touched: contracts/Uniswappool.sol
2025-01-13T17:49:39 | touched: .env.example
2025-01-27T13:54:15 | touched: LICENSE
